  bkMusic.cpp
  gachaScene.cpp
  gameData.cpp
  gameloop.cpp
  levelEndless.cpp
  levelFinishScene.cpp
  levelScene.cpp
  levelClassics.cpp
  levelTimer.cpp
  main.cpp
D:\software\vs2022\public-project\Word-memorization-software\趣背单词\selectLevelEndless.h(10,1): warning C4005: “LEVEL_BLOCK_NUM”: 宏重定义
  (编译源文件“main.cpp”)
  D:\software\vs2022\public-project\Word-memorization-software\趣背单词\selectLevelTimer.h(10,1):
  参见“LEVEL_BLOCK_NUM”的前一个定义
  
  menuScene.cpp
  seleceLevelScene.cpp
D:\software\vs2022\public-project\Word-memorization-software\趣背单词\selectLevelEndless.h(10,1): warning C4005: “LEVEL_BLOCK_NUM”: 宏重定义
  (编译源文件“seleceLevelScene.cpp”)
  D:\software\vs2022\public-project\Word-memorization-software\趣背单词\selectLevelTimer.h(10,1):
  参见“LEVEL_BLOCK_NUM”的前一个定义
  
  selectLevelClassics.cpp
  selectLevelEndless.cpp
D:\software\vs2022\public-project\Word-memorization-software\趣背单词\selectLevelEndless.cpp(39,5): warning C4060: switch 语句没有包含“case”或“default”标签
  selectLevelTimer.cpp
  正在生成代码...
  趣背单词.vcxproj -> D:\software\vs2022\public-project\Word-memorization-software\趣背单词\x64\Debug\趣背单词.exe
